
> henrii@0.1.0 dev
> next dev --port 3101

▲ Next.js 16.1.6 (Turbopack)
- Local:         http://localhost:3101
- Network:       http://192.168.0.139:3101
- Experiments (use with caution):
  · clientTraceMetadata

✓ Starting...
✓ Ready in 1942ms
 GET /manifest.webmanifest 200 in 348ms (compile: 324ms, render: 24ms)
 GET / 200 in 2.2s (compile: 1912ms, render: 278ms)
 GET /vi 200 in 2.3s (compile: 2.1s, generate-params: 248ms, render: 233ms)
 GET /en 200 in 2.3s (compile: 2.1s, generate-params: 295ms, render: 179ms)
 GET / 200 in 78ms (compile: 20ms, render: 57ms)
 GET /manifest.webmanifest 200 in 19ms (compile: 6ms, render: 13ms)
 GET / 200 in 58ms (compile: 15ms, render: 43ms)
 GET /manifest.webmanifest 200 in 8ms (compile: 3ms, render: 6ms)
 GET /manifest.webmanifest 200 in 11ms (compile: 5ms, render: 6ms)
 GET /en 200 in 215ms (compile: 21ms, generate-params: 5ms, render: 193ms)
 GET /en?checkEmail=1 200 in 36ms (compile: 1561µs, generate-params: 13µs, render: 35ms)
 POST /en 303 in 197ms (compile: 9ms, generate-params: 1810µs, render: 188ms)
 GET /manifest.webmanifest 200 in 9ms (compile: 3ms, render: 7ms)
 GET /en/auth/email-callback?code=9f1c62e2-8ba8-48c3-bae7-621664271d1a 200 in 358ms (compile: 304ms, generate-params: 182ms, render: 54ms)
 GET /manifest.webmanifest 200 in 14ms (compile: 8ms, render: 6ms)
 GET /manifest.webmanifest 200 in 4ms (compile: 1593µs, render: 2ms)
 GET /en?error=callback_exchange_failed 200 in 294ms (compile: 12ms, generate-params: 4ms, render: 282ms)
 GET /manifest.webmanifest 200 in 5ms (compile: 3ms, render: 2ms)
 GET /en/dashboard 200 in 244ms (compile: 3ms, generate-params: 981µs, render: 242ms)
 GET /en/dashboard 200 in 811ms (compile: 529ms, generate-params: 203ms, render: 282ms)
 GET /manifest.webmanifest 200 in 9ms (compile: 4ms, render: 5ms)
 GET /en/conflicts 200 in 465ms (compile: 302ms, generate-params: 202ms, render: 164ms)
 GET /manifest.webmanifest 200 in 19ms (compile: 3ms, render: 16ms)
 GET /en/baby 200 in 363ms (compile: 233ms, generate-params: 193ms, render: 130ms)
 GET /en/baby 200 in 412ms (compile: 61ms, generate-params: 21ms, render: 351ms)
 GET /manifest.webmanifest 200 in 3ms (compile: 1379µs, render: 1578µs)
 GET /en/baby 200 in 165ms (compile: 11ms, generate-params: 4ms, render: 154ms)
 GET /manifest.webmanifest 200 in 3ms (compile: 1825µs, render: 1391µs)
 GET /manifest.webmanifest 200 in 10ms (compile: 4ms, render: 6ms)
 GET /en/dashboard 200 in 244ms (compile: 16ms, generate-params: 6ms, render: 228ms)
 GET /en/dashboard 200 in 214ms (compile: 15ms, generate-params: 2ms, render: 198ms)
 GET /manifest.webmanifest 200 in 6ms (compile: 3ms, render: 3ms)
 POST /api/events/log 200 in 652ms (compile: 512ms, render: 140ms)
 GET /en/dashboard 200 in 111ms (compile: 4ms, generate-params: 1279µs, render: 107ms)
 GET /manifest.webmanifest 200 in 6ms (compile: 1962µs, render: 4ms)
 POST /api/events/log 200 in 227ms (compile: 53ms, render: 174ms)
 GET /en/dashboard 200 in 285ms (compile: 19ms, generate-params: 8ms, render: 267ms)
 GET /manifest.webmanifest 200 in 7ms (compile: 1519µs, render: 5ms)
 GET /en/dashboard 200 in 147ms (compile: 11ms, generate-params: 5ms, render: 136ms)
 GET /manifest.webmanifest 200 in 6ms (compile: 4ms, render: 1998µs)
 POST /api/events/mutate 200 in 394ms (compile: 197ms, render: 197ms)
 GET /en/dashboard 200 in 236ms (compile: 5ms, generate-params: 1995µs, render: 230ms)
 GET /manifest.webmanifest 200 in 7ms (compile: 5ms, render: 2ms)
 POST /api/events/mutate 200 in 145ms (compile: 7ms, render: 138ms)
 GET /en/dashboard 200 in 161ms (compile: 9ms, generate-params: 4ms, render: 152ms)
 GET /manifest.webmanifest 200 in 8ms (compile: 3ms, render: 5ms)
 POST /api/events/mutate 200 in 111ms (compile: 19ms, render: 92ms)
 GET /en/dashboard 200 in 131ms (compile: 6ms, generate-params: 3ms, render: 125ms)
 GET /manifest.webmanifest 200 in 5ms (compile: 3ms, render: 1621µs)
 GET /en/dashboard 200 in 160ms (compile: 8ms, generate-params: 1832µs, render: 152ms)
 GET /manifest.webmanifest 200 in 7ms (compile: 1952µs, render: 5ms)
 GET /apple-touch-icon-precomposed.png 404 in 102ms (compile: 15ms, generate-params: 3ms, render: 88ms)
 GET /apple-touch-icon.png 404 in 101ms (compile: 47ms, generate-params: 12µs, render: 53ms)
 GET /en/dashboard 200 in 52ms (compile: 5ms, generate-params: 3ms, render: 47ms)
 GET /apple-touch-icon.png 404 in 89ms (compile: 16ms, generate-params: 15µs, render: 73ms)
 GET /apple-touch-icon-precomposed.png 404 in 89ms (compile: 5ms, generate-params: 3ms, render: 83ms)
 GET /en/dashboard 200 in 45ms (compile: 2ms, generate-params: 1024µs, render: 42ms)
 GET /en/dashboard 200 in 244ms (compile: 5ms, generate-params: 18µs, render: 239ms)
 GET /manifest.webmanifest 200 in 3ms (compile: 1442µs, render: 1790µs)
 GET /en/dashboard 200 in 97ms (compile: 63ms, generate-params: 14µs, render: 34ms)
 GET /en/dashboard 200 in 491ms (compile: 21ms, generate-params: 6ms, render: 470ms)
 GET /manifest.webmanifest 200 in 8ms (compile: 3ms, render: 5ms)
 GET /en/dashboard 200 in 269ms (compile: 13ms, generate-params: 3ms, render: 256ms)
 GET /manifest.webmanifest 200 in 6ms (compile: 2ms, render: 4ms)
 GET /en/dashboard 200 in 332ms (compile: 49ms, generate-params: 10ms, render: 284ms)
 GET /en?checkEmail=1 200 in 94ms (compile: 9ms, generate-params: 3ms, render: 85ms)
 GET /en?checkEmail=1 200 in 72ms (compile: 2ms, generate-params: 30µs, render: 70ms)
 GET /manifest.webmanifest 200 in 5ms (compile: 1917µs, render: 3ms)
 GET /manifest.webmanifest 200 in 6ms (compile: 5ms, render: 1524µs)
 GET /en/dashboard 200 in 160ms (compile: 7ms, generate-params: 1303µs, render: 153ms)
 GET /en/dashboard 200 in 139ms (compile: 3ms, generate-params: 18µs, render: 136ms)
 GET / 200 in 158ms (compile: 22ms, render: 137ms)
 GET /manifest.webmanifest 200 in 10ms (compile: 4ms, render: 7ms)
 GET /manifest.webmanifest 200 in 6ms (compile: 3ms, render: 2ms)
 GET /en 200 in 170ms (compile: 12ms, generate-params: 4ms, render: 159ms)
 GET /manifest.webmanifest 200 in 3ms (compile: 1166µs, render: 1944µs)
 GET /en/dashboard 200 in 157ms (compile: 4ms, generate-params: 893µs, render: 153ms)
 GET /en/dashboard 200 in 142ms (compile: 1795µs, generate-params: 27µs, render: 140ms)
 GET /manifest.webmanifest 200 in 16ms (compile: 7ms, render: 9ms)
 GET /en/conflicts 200 in 366ms (compile: 34ms, generate-params: 10ms, render: 331ms)
 GET /manifest.webmanifest 200 in 5ms (compile: 1580µs, render: 3ms)
 GET /en/baby 200 in 164ms (compile: 16ms, generate-params: 4ms, render: 147ms)
 GET /manifest.webmanifest 200 in 4ms (compile: 1506µs, render: 2ms)
 GET /en/health 200 in 341ms (compile: 237ms, generate-params: 198ms, render: 104ms)
 GET /manifest.webmanifest 200 in 14ms (compile: 7ms, render: 7ms)
 GET /en/conflicts 200 in 203ms (compile: 23ms, generate-params: 10ms, render: 180ms)
 GET /manifest.webmanifest 200 in 3ms (compile: 1500µs, render: 1919µs)
 GET /en/dashboard 200 in 148ms (compile: 13ms, generate-params: 2ms, render: 135ms)
 GET /manifest.webmanifest 200 in 3ms (compile: 1153µs, render: 1718µs)
 GET /en 200 in 76ms (compile: 8ms, generate-params: 3ms, render: 68ms)
 GET /en 200 in 66ms (compile: 3ms, generate-params: 1002µs, render: 63ms)
 GET /manifest.webmanifest 200 in 3ms (compile: 1359µs, render: 1496µs)
 GET /manifest.webmanifest 200 in 4ms (compile: 2ms, render: 1442µs)
 GET /en/dashboard 200 in 133ms (compile: 2ms, generate-params: 976µs, render: 131ms)
 GET /en/dashboard 200 in 121ms (compile: 3ms, generate-params: 13µs, render: 118ms)
 GET /en/dashboard 200 in 266ms (compile: 11ms, generate-params: 3ms, render: 255ms)
 GET /manifest.webmanifest 200 in 14ms (compile: 4ms, render: 10ms)
 GET /en/dashboard 200 in 391ms (compile: 64ms, generate-params: 10ms, render: 327ms)
 GET /manifest.webmanifest 200 in 6ms (compile: 2ms, render: 4ms)
 GET /en/dashboard 200 in 215ms (compile: 5ms, generate-params: 13µs, render: 210ms)
 GET /en/dashboard 200 in 280ms (compile: 29ms, generate-params: 8ms, render: 252ms)
 GET /manifest.webmanifest 200 in 6ms (compile: 3ms, render: 3ms)
 GET /en/dashboard 200 in 247ms (compile: 7ms, generate-params: 36µs, render: 240ms)
 GET /en/dashboard 200 in 371ms (compile: 46ms, generate-params: 7ms, render: 325ms)
 GET /manifest.webmanifest 200 in 5ms (compile: 3ms, render: 2ms)
 GET /en/dashboard 200 in 295ms (compile: 30ms, generate-params: 5ms, render: 265ms)
 GET /manifest.webmanifest 200 in 7ms (compile: 3ms, render: 3ms)
 GET /en/dashboard 200 in 240ms (compile: 8ms, generate-params: 4ms, render: 231ms)
 GET /manifest.webmanifest 200 in 4ms (compile: 1185µs, render: 3ms)
 GET /manifest.webmanifest 200 in 36ms (compile: 21ms, render: 15ms)
 GET /en/dashboard 200 in 432ms (compile: 28ms, generate-params: 7ms, render: 404ms)
 GET /manifest.webmanifest 200 in 13ms (compile: 6ms, render: 7ms)
 GET /en/dashboard 200 in 275ms (compile: 11ms, generate-params: 4ms, render: 264ms)
 GET /manifest.webmanifest 200 in 10ms (compile: 5ms, render: 5ms)
 GET /en/dashboard 200 in 238ms (compile: 16ms, generate-params: 7ms, render: 223ms)
 GET /manifest.webmanifest 200 in 6ms (compile: 3ms, render: 3ms)
 GET /en/dashboard 200 in 259ms (compile: 20ms, generate-params: 4ms, render: 239ms)
 GET /manifest.webmanifest 200 in 14ms (compile: 3ms, render: 11ms)
 GET /en/dashboard 200 in 206ms (compile: 10ms, generate-params: 2ms, render: 196ms)
 GET /manifest.webmanifest 200 in 25ms (compile: 10ms, render: 15ms)
 GET /en/dashboard 200 in 778ms (compile: 54ms, generate-params: 19ms, render: 724ms)
 GET /manifest.webmanifest 200 in 29ms (compile: 14ms, render: 14ms)
 GET /en/dashboard 200 in 189ms (compile: 12ms, generate-params: 5ms, render: 177ms)
 GET /manifest.webmanifest 200 in 15ms (compile: 8ms, render: 7ms)
 GET /en/dashboard 200 in 343ms (compile: 86ms, generate-params: 9ms, render: 257ms)
 GET /manifest.webmanifest 200 in 8ms (compile: 4ms, render: 4ms)
 GET /en/dashboard 200 in 98ms (compile: 1738µs, generate-params: 14µs, render: 96ms)
 GET /en/dashboard 200 in 169ms (compile: 17ms, generate-params: 6ms, render: 152ms)
 GET /manifest.webmanifest 200 in 6ms (compile: 3ms, render: 3ms)
 GET /en 200 in 62ms (compile: 5ms, generate-params: 1333µs, render: 57ms)
 GET /manifest.webmanifest 200 in 8ms (compile: 3ms, render: 5ms)
 GET /en 200 in 91ms (compile: 8ms, generate-params: 19µs, render: 83ms)
 GET /en 200 in 293ms (compile: 39ms, generate-params: 6ms, render: 255ms)
 GET /manifest.webmanifest 200 in 12ms (compile: 7ms, render: 4ms)
 GET /en 200 in 184ms (compile: 63ms, generate-params: 25ms, render: 121ms)
 GET /manifest.webmanifest 200 in 15ms (compile: 6ms, render: 9ms)
 GET /en 200 in 88ms (compile: 17ms, generate-params: 3ms, render: 70ms)
 GET /manifest.webmanifest 200 in 26ms (compile: 13ms, render: 13ms)
 GET /en 200 in 162ms (compile: 39ms, generate-params: 11ms, render: 123ms)
 GET /manifest.webmanifest 200 in 15ms (compile: 8ms, render: 7ms)
 GET /en 200 in 144ms (compile: 41ms, generate-params: 6ms, render: 103ms)
 GET /manifest.webmanifest 200 in 9ms (compile: 3ms, render: 7ms)
 GET /en 200 in 139ms (compile: 13ms, generate-params: 5ms, render: 126ms)
 GET /manifest.webmanifest 200 in 16ms (compile: 9ms, render: 7ms)
 GET /en 200 in 289ms (compile: 68ms, generate-params: 14ms, render: 221ms)
 GET /manifest.webmanifest 200 in 37ms (compile: 24ms, render: 13ms)
 GET /en 200 in 91ms (compile: 13ms, generate-params: 3ms, render: 78ms)
 GET /manifest.webmanifest 200 in 4ms (compile: 3ms, render: 1931µs)
 GET /en 200 in 108ms (compile: 32ms, generate-params: 4ms, render: 76ms)
 GET /manifest.webmanifest 200 in 15ms (compile: 5ms, render: 10ms)
 GET /en?checkEmail=1 200 in 36ms (compile: 1515µs, generate-params: 10µs, render: 34ms)
 POST /en 303 in 198ms (compile: 18ms, generate-params: 4ms, render: 180ms)
 GET /manifest.webmanifest 200 in 6ms (compile: 3ms, render: 4ms)
 GET /en/auth/email-callback?code=9ec77f68-d544-441b-b49d-1280eb66afca 200 in 111ms (compile: 33ms, generate-params: 4ms, render: 78ms)
 GET /manifest.webmanifest 200 in 6ms (compile: 2ms, render: 3ms)
 GET /manifest.webmanifest 200 in 10ms (compile: 6ms, render: 4ms)
 GET /en?error=callback_exchange_failed 200 in 207ms (compile: 26ms, generate-params: 24ms, render: 181ms)
 GET /manifest.webmanifest 200 in 3ms (compile: 1885µs, render: 1490µs)
 GET /en/dashboard 200 in 190ms (compile: 4ms, generate-params: 1129µs, render: 187ms)
 GET /en/dashboard 200 in 175ms (compile: 1718µs, generate-params: 10µs, render: 173ms)
 GET /en/dashboard 200 in 210ms (compile: 15ms, generate-params: 4ms, render: 196ms)
 GET /manifest.webmanifest 200 in 14ms (compile: 4ms, render: 10ms)
 GET /en/dashboard 200 in 178ms (compile: 13ms, generate-params: 3ms, render: 165ms)
 GET /manifest.webmanifest 200 in 8ms (compile: 4ms, render: 4ms)
 GET /en?checkEmail=1 200 in 148ms (compile: 5ms, generate-params: 27µs, render: 143ms)
 GET /en?checkEmail=1 200 in 193ms (compile: 8ms, generate-params: 1167µs, render: 185ms)
 GET /manifest.webmanifest 200 in 11ms (compile: 6ms, render: 5ms)
 GET /en/dashboard 200 in 491ms (compile: 118ms, generate-params: 7ms, render: 373ms)
 GET /manifest.webmanifest 200 in 11ms (compile: 8ms, render: 3ms)
 GET /manifest.webmanifest 200 in 4ms (compile: 1846µs, render: 2ms)
 GET /en/dashboard 200 in 156ms (compile: 8ms, generate-params: 1275µs, render: 148ms)
 GET /en/dashboard 200 in 185ms (compile: 9ms, generate-params: 15µs, render: 177ms)
 GET /en/dashboard 200 in 85ms (compile: 19ms, generate-params: 6ms, render: 66ms)
 GET /en 200 in 63ms (compile: 4ms, generate-params: 1206µs, render: 58ms)
 GET /en/dashboard?view=timeline 200 in 281ms (compile: 8ms, generate-params: 1225µs, render: 273ms)
 GET /manifest.webmanifest 200 in 6ms (compile: 4ms, render: 3ms)
 GET /manifest.webmanifest 200 in 12ms (compile: 8ms, render: 5ms)
 GET /en/settings 200 in 1688ms (compile: 1342ms, generate-params: 227ms, render: 346ms)
 GET /api/notifications/preferences 200 in 231ms (compile: 122ms, render: 109ms)
 GET /api/notifications/preferences 200 in 114ms (compile: 1646µs, render: 113ms)
 GET /manifest.webmanifest 200 in 11ms (compile: 4ms, render: 7ms)
 GET /en/dashboard 200 in 334ms (compile: 8ms, generate-params: 2ms, render: 326ms)
 GET /en/dashboard 200 in 139ms (compile: 4ms, generate-params: 1396µs, render: 135ms)
 GET /manifest.webmanifest 200 in 4ms (compile: 2ms, render: 1812µs)
 GET /en/dashboard 200 in 594ms (compile: 39ms, generate-params: 6ms, render: 555ms)
 GET /manifest.webmanifest 200 in 11ms (compile: 5ms, render: 6ms)
 GET /en/dashboard?view=timeline 200 in 392ms (compile: 36ms, generate-params: 6ms, render: 356ms)
 GET /manifest.webmanifest 200 in 7ms (compile: 1430µs, render: 6ms)
 GET /manifest.webmanifest 200 in 10ms (compile: 3ms, render: 7ms)
 GET /en/settings 200 in 230ms (compile: 17ms, generate-params: 3ms, render: 213ms)
 GET /api/notifications/preferences 200 in 84ms (compile: 1892µs, render: 82ms)
 GET /api/notifications/preferences 200 in 55ms (compile: 1467µs, render: 53ms)
 GET /en/settings 200 in 169ms (compile: 6ms, generate-params: 3ms, render: 163ms)
 GET /manifest.webmanifest 200 in 3ms (compile: 1656µs, render: 1718µs)
 GET /manifest.webmanifest 200 in 3ms (compile: 1571µs, render: 1386µs)
 GET /en/dashboard 200 in 142ms (compile: 9ms, generate-params: 3ms, render: 133ms)
 POST /api/events/log 200 in 254ms (compile: 33ms, render: 221ms)
 GET /en/dashboard 200 in 160ms (compile: 10ms, generate-params: 3ms, render: 150ms)
 GET /manifest.webmanifest 200 in 6ms (compile: 3ms, render: 3ms)
 POST /api/events/mutate 200 in 95ms (compile: 12ms, render: 83ms)
 GET /en/dashboard 200 in 139ms (compile: 10ms, generate-params: 3ms, render: 130ms)
 GET /manifest.webmanifest 200 in 6ms (compile: 3ms, render: 3ms)
 GET /en/dashboard 200 in 194ms (compile: 14ms, generate-params: 4ms, render: 180ms)
 GET /manifest.webmanifest 200 in 3ms (compile: 1306µs, render: 1584µs)
 POST /api/events/log 200 in 201ms (compile: 42ms, render: 158ms)
 GET /en/dashboard 200 in 141ms (compile: 4ms, generate-params: 1422µs, render: 138ms)
 GET /manifest.webmanifest 200 in 9ms (compile: 6ms, render: 3ms)
 GET /manifest.webmanifest 200 in 13ms (compile: 6ms, render: 6ms)
 GET /en 200 in 224ms (compile: 18ms, generate-params: 2ms, render: 206ms)
 GET /manifest.webmanifest 200 in 16ms (compile: 9ms, render: 7ms)
 GET /en/dashboard 200 in 229ms (compile: 4ms, generate-params: 13µs, render: 224ms)
 GET /en/dashboard 200 in 253ms (compile: 5ms, generate-params: 1258µs, render: 248ms)
 GET /en/dashboard?view=timeline 200 in 164ms (compile: 20ms, generate-params: 6ms, render: 144ms)
 GET /manifest.webmanifest 200 in 6ms (compile: 2ms, render: 4ms)
 GET /en/dashboard?view=timeline 200 in 144ms (compile: 3ms, generate-params: 1196µs, render: 141ms)
 GET /manifest.webmanifest 200 in 4ms (compile: 2ms, render: 1949µs)
 GET /manifest.webmanifest 200 in 4ms (compile: 2ms, render: 1937µs)
 GET /en/settings 200 in 146ms (compile: 10ms, generate-params: 3ms, render: 136ms)
 GET /api/notifications/preferences 200 in 56ms (compile: 2ms, render: 54ms)
 GET /api/notifications/preferences 200 in 50ms (compile: 1097µs, render: 49ms)
 GET /manifest.webmanifest 200 in 5ms (compile: 3ms, render: 2ms)
 GET /en/dashboard?view=timeline 200 in 266ms (compile: 29ms, generate-params: 7ms, render: 237ms)
 GET /manifest.webmanifest 200 in 14ms (compile: 9ms, render: 4ms)
 GET /en/conflicts 200 in 318ms (compile: 87ms, generate-params: 12ms, render: 231ms)
 GET /manifest.webmanifest 200 in 12ms (compile: 3ms, render: 10ms)
 GET /en/analytics 200 in 1005ms (compile: 836ms, generate-params: 230ms, render: 168ms)
 GET /en/analytics 200 in 346ms (compile: 39ms, generate-params: 14ms, render: 307ms)
 GET /manifest.webmanifest 200 in 7ms (compile: 3ms, render: 4ms)
 GET /en/analytics 200 in 136ms (compile: 29ms, generate-params: 5ms, render: 107ms)
 GET /en/analytics 200 in 52ms (compile: 3ms, generate-params: 13µs, render: 49ms)
 GET /en 200 in 38ms (compile: 7ms, generate-params: 2ms, render: 31ms)
 GET /manifest.webmanifest 200 in 12ms (compile: 9ms, render: 3ms)
 GET /en 200 in 127ms (compile: 16ms, generate-params: 4ms, render: 111ms)
 GET /en 200 in 62ms (compile: 3ms, generate-params: 16µs, render: 60ms)
 GET /manifest.webmanifest 200 in 7ms (compile: 3ms, render: 4ms)
 GET /en 200 in 173ms (compile: 25ms, generate-params: 7ms, render: 148ms)
 GET /en 200 in 82ms (compile: 6ms, generate-params: 30µs, render: 76ms)
 GET /manifest.webmanifest 200 in 6ms (compile: 3ms, render: 3ms)
 GET /en 200 in 247ms (compile: 10ms, generate-params: 7ms, render: 237ms)
 GET /manifest.webmanifest 200 in 15ms (compile: 8ms, render: 6ms)
 GET /en?checkEmail=1 200 in 51ms (compile: 3ms, generate-params: 15µs, render: 47ms)
 POST /en 303 in 253ms (compile: 18ms, generate-params: 5ms, render: 236ms)
 GET /manifest.webmanifest 200 in 7ms (compile: 3ms, render: 4ms)
 GET /en/auth/email-callback?code=8d10705c-f299-4063-b224-b041204ba652 200 in 140ms (compile: 25ms, generate-params: 6ms, render: 116ms)
 GET /manifest.webmanifest 200 in 6ms (compile: 2ms, render: 4ms)
 GET /manifest.webmanifest 200 in 7ms (compile: 2ms, render: 4ms)
 GET /en?error=callback_exchange_failed 200 in 141ms (compile: 5ms, generate-params: 1792µs, render: 136ms)
 GET /manifest.webmanifest 200 in 6ms (compile: 3ms, render: 4ms)
 GET /en/dashboard 200 in 203ms (compile: 1591µs, generate-params: 13µs, render: 202ms)
 GET /en/dashboard 200 in 242ms (compile: 5ms, generate-params: 1004µs, render: 236ms)
 GET /en/dashboard 200 in 577ms (compile: 29ms, generate-params: 13ms, render: 549ms)
 GET /manifest.webmanifest 200 in 11ms (compile: 3ms, render: 8ms)
 GET /en/dashboard 200 in 193ms (compile: 14ms, generate-params: 3ms, render: 179ms)
 GET /manifest.webmanifest 200 in 8ms (compile: 2ms, render: 6ms)
 GET /en/dashboard 200 in 341ms (compile: 22ms, generate-params: 5ms, render: 319ms)
 GET /manifest.webmanifest 200 in 22ms (compile: 8ms, render: 14ms)
 GET /en/dashboard 200 in 444ms (compile: 80ms, generate-params: 16ms, render: 363ms)
 GET /manifest.webmanifest 200 in 15ms (compile: 4ms, render: 11ms)
 GET /en/dashboard 200 in 1160ms (compile: 103ms, generate-params: 10ms, render: 1058ms)
 GET /manifest.webmanifest 200 in 17ms (compile: 9ms, render: 8ms)
 GET /manifest.webmanifest 200 in 16ms (compile: 7ms, render: 9ms)
 GET /en 200 in 316ms (compile: 21ms, generate-params: 4ms, render: 295ms)
 GET /manifest.webmanifest 200 in 8ms (compile: 4ms, render: 4ms)
 GET /en/dashboard 200 in 229ms (compile: 4ms, generate-params: 1090µs, render: 225ms)
 GET /en/dashboard 200 in 194ms (compile: 4ms, generate-params: 12µs, render: 190ms)
 GET /en/dashboard 200 in 366ms (compile: 18ms, generate-params: 3ms, render: 348ms)
 GET /manifest.webmanifest 200 in 10ms (compile: 4ms, render: 6ms)
 GET /en/dashboard 200 in 319ms (compile: 16ms, generate-params: 5ms, render: 303ms)
 GET /manifest.webmanifest 200 in 24ms (compile: 6ms, render: 18ms)
 GET /en/dashboard 200 in 241ms (compile: 16ms, generate-params: 6ms, render: 225ms)
 GET /manifest.webmanifest 200 in 22ms (compile: 10ms, render: 12ms)
 GET /en/dashboard 200 in 639ms (compile: 12ms, generate-params: 5ms, render: 627ms)
 GET /manifest.webmanifest 200 in 10ms (compile: 6ms, render: 4ms)
 GET /en?checkEmail=1 200 in 494ms (compile: 73ms, generate-params: 17ms, render: 421ms)
 GET /en?checkEmail=1 200 in 295ms (compile: 4ms, generate-params: 25µs, render: 291ms)
 GET /manifest.webmanifest 200 in 11ms (compile: 4ms, render: 7ms)
 GET /manifest.webmanifest 200 in 19ms (compile: 7ms, render: 12ms)
 GET /en/dashboard 200 in 447ms (compile: 19ms, generate-params: 1304µs, render: 428ms)
 GET /en/dashboard 200 in 424ms (compile: 7ms, generate-params: 14µs, render: 417ms)
 GET /en/dashboard 200 in 529ms (compile: 169ms, generate-params: 1781µs, render: 359ms)
 GET /en/dashboard 200 in 295ms (compile: 4ms, generate-params: 40µs, render: 291ms)
 GET /en/dashboard 200 in 250ms (compile: 6ms, generate-params: 20µs, render: 244ms)
 GET /en/dashboard 200 in 228ms (compile: 3ms, generate-params: 17µs, render: 226ms)
 GET /en/dashboard 200 in 206ms (compile: 7ms, generate-params: 2ms, render: 199ms)
 GET /en/dashboard 200 in 206ms (compile: 2ms, generate-params: 13µs, render: 204ms)
 GET /en/dashboard 200 in 199ms (compile: 3ms, generate-params: 17µs, render: 196ms)
 GET /en/dashboard 200 in 172ms (compile: 1914µs, generate-params: 12µs, render: 170ms)
 GET /en/dashboard 200 in 175ms (compile: 2ms, generate-params: 13µs, render: 172ms)
 GET /en/dashboard 200 in 138ms (compile: 3ms, generate-params: 15µs, render: 135ms)
 GET /en/dashboard 200 in 133ms (compile: 5ms, generate-params: 1359µs, render: 128ms)
 GET /en/dashboard 200 in 133ms (compile: 1307µs, generate-params: 13µs, render: 132ms)
 GET /en/dashboard 200 in 139ms (compile: 3ms, generate-params: 17µs, render: 136ms)
 GET /en/dashboard 200 in 107ms (compile: 2ms, generate-params: 13µs, render: 105ms)
 GET /en/dashboard 200 in 76ms (compile: 2ms, generate-params: 16µs, render: 74ms)
 GET /en/dashboard 200 in 42ms (compile: 3ms, generate-params: 13µs, render: 39ms)
 GET /manifest.webmanifest 200 in 7ms (compile: 4ms, render: 3ms)
 GET /manifest.webmanifest 200 in 6ms (compile: 3ms, render: 3ms)
✓ Compiled in 242ms
 GET /en/dashboard 200 in 789ms (compile: 496ms, generate-params: 8ms, render: 293ms)
 GET /manifest.webmanifest 200 in 30ms (compile: 18ms, render: 12ms)
 GET /en 200 in 267ms (compile: 130ms, generate-params: 1050µs, render: 137ms)
 GET /manifest.webmanifest 200 in 13ms (compile: 7ms, render: 5ms)
 GET /en 200 in 115ms (compile: 4ms, generate-params: 56µs, render: 111ms)
 GET /en 200 in 194ms (compile: 63ms, generate-params: 13ms, render: 132ms)
 GET /manifest.webmanifest 200 in 6ms (compile: 3ms, render: 3ms)
 GET /en 200 in 974ms (compile: 269ms, generate-params: 46ms, render: 705ms)
 GET /manifest.webmanifest 200 in 203ms (compile: 99ms, render: 105ms)
 GET /en 200 in 986ms (compile: 71ms, generate-params: 20ms, render: 914ms)
 GET /manifest.webmanifest 200 in 45ms (compile: 22ms, render: 23ms)
 GET /en?checkEmail=1 200 in 254ms (compile: 11ms, generate-params: 2ms, render: 243ms)
 POST /en 303 in 692ms (compile: 16ms, generate-params: 4ms, render: 677ms)
 GET /manifest.webmanifest 200 in 36ms (compile: 18ms, render: 17ms)
 GET /en/auth/email-callback?code=a9e7714e-9692-4996-ad04-e77f1100ef48 200 in 3.7s (compile: 2.3s, generate-params: 16ms, render: 1387ms)
 GET /manifest.webmanifest 200 in 14ms (compile: 5ms, render: 9ms)
 GET /manifest.webmanifest 200 in 14ms (compile: 5ms, render: 9ms)
 GET /en?error=callback_exchange_failed 200 in 2.1s (compile: 19ms, generate-params: 5ms, render: 2.0s)
 GET /manifest.webmanifest 200 in 47ms (compile: 28ms, render: 18ms)
 GET /en?error=callback_exchange_failed 200 in 1063ms (compile: 8ms, generate-params: 556µs, render: 1055ms)
 GET /en?error=callback_exchange_failed 200 in 1582ms (compile: 168ms, generate-params: 34ms, render: 1414ms)
 GET /manifest.webmanifest 200 in 18ms (compile: 10ms, render: 7ms)
 GET /en/dashboard 200 in 1466ms (compile: 53ms, generate-params: 4ms, render: 1413ms)
 GET /en/dashboard 200 in 1350ms (compile: 7ms, generate-params: 24µs, render: 1343ms)
 GET /en/dashboard 200 in 1565ms (compile: 155ms, generate-params: 15ms, render: 1410ms)
 GET /manifest.webmanifest 200 in 18ms (compile: 11ms, render: 7ms)
 GET /en/dashboard 200 in 803ms (compile: 137ms, generate-params: 5ms, render: 666ms)
 GET /en/dashboard 200 in 622ms (compile: 22ms, generate-params: 13µs, render: 600ms)
 GET /manifest.webmanifest 200 in 13ms (compile: 10ms, render: 3ms)
 GET /en/dashboard 200 in 472ms (compile: 19ms, generate-params: 5ms, render: 453ms)
 GET /manifest.webmanifest 200 in 12ms (compile: 4ms, render: 8ms)
 GET /en/dashboard 200 in 279ms (compile: 19ms, generate-params: 6ms, render: 260ms)
 GET /manifest.webmanifest 200 in 28ms (compile: 5ms, render: 23ms)
 GET /en/dashboard 200 in 242ms (compile: 27ms, generate-params: 5ms, render: 215ms)
 GET /manifest.webmanifest 200 in 18ms (compile: 3ms, render: 15ms)
 GET /en/dashboard 200 in 322ms (compile: 34ms, generate-params: 15ms, render: 289ms)
 GET /manifest.webmanifest 200 in 13ms (compile: 3ms, render: 9ms)
 GET /en/dashboard 200 in 601ms (compile: 44ms, generate-params: 8ms, render: 557ms)
 GET /manifest.webmanifest 200 in 25ms (compile: 20ms, render: 5ms)
✓ Compiled in 2.1s
 GET /en?checkEmail=1 200 in 3.1s (compile: 2.7s, generate-params: 22ms, render: 445ms)
 GET /en?checkEmail=1 200 in 831ms (compile: 2ms, generate-params: 14µs, render: 829ms)
⨯ Error: Failed to call `useTranslations` because the context from `NextIntlClientProvider` was not found.

This can happen because:
1) You intended to render this component as a Server Component, the render
   failed, and therefore React attempted to render the component on the client
   instead. If this is the case, check the console for server errors.
2) You intended to render this component on the client side, but no context was found.
   Learn more about this error here: https://next-intl.dev/docs/environments/server-client-components#missing-context
    at DashboardViewSwitcher (src/components/dashboard/dashboard-view-switcher.tsx:33:28)
  31 |   initialView,
  32 | }: DashboardViewSwitcherProps) {
> 33 |   const t = useTranslations("dashboard");
     |                            ^
  34 |   const activeView = useUiStore((state) => state.activeView);
  35 |   const setActiveView = useUiStore((state) => state.setActiveView);
  36 |   const [filter, setFilter] = useState<TimelineFilter>("all"); {
  digest: '3490982063'
}
 GET /en/dashboard 200 in 4.5s (compile: 3.0s, generate-params: 2ms, render: 1470ms)
 GET /manifest.webmanifest 200 in 9ms (compile: 5ms, render: 4ms)
 GET /manifest.webmanifest 200 in 90ms (compile: 86ms, render: 4ms)
✓ Compiled in 119ms
 GET /en/dashboard 200 in 2.6s (compile: 8ms, generate-params: 1327µs, render: 2.6s)
 GET /en/dashboard 200 in 1185ms (compile: 481ms, generate-params: 3ms, render: 703ms)
 GET /en/dashboard 200 in 603ms (compile: 4ms, generate-params: 17µs, render: 599ms)
 GET /en/dashboard 200 in 546ms (compile: 17ms, generate-params: 16µs, render: 529ms)
 GET /en/dashboard 200 in 295ms (compile: 22ms, generate-params: 3ms, render: 273ms)
 GET /en/dashboard 200 in 255ms (compile: 4ms, generate-params: 15µs, render: 252ms)
 GET /en/dashboard 200 in 189ms (compile: 3ms, generate-params: 15µs, render: 185ms)
 GET /en/dashboard 200 in 172ms (compile: 11ms, generate-params: 27µs, render: 161ms)
 GET /en/dashboard 200 in 120ms (compile: 6ms, generate-params: 16µs, render: 115ms)
 GET /manifest.webmanifest 200 in 52ms (compile: 20ms, render: 33ms)
 GET /manifest.webmanifest 200 in 4ms (compile: 1808µs, render: 1994µs)
✓ Compiled in 652ms
 GET /en/dashboard 200 in 344ms (compile: 25ms, generate-params: 9ms, render: 319ms)
 GET /en/dashboard 200 in 63ms (compile: 3ms, generate-params: 961µs, render: 60ms)
 GET /manifest.webmanifest 200 in 9ms (compile: 2ms, render: 7ms)
 GET /manifest.webmanifest 200 in 12ms (compile: 2ms, render: 9ms)
✓ Compiled in 35ms
 GET /en/dashboard 200 in 338ms (compile: 146ms, generate-params: 3ms, render: 192ms)
 GET /en/dashboard 200 in 178ms (compile: 1798µs, generate-params: 20µs, render: 176ms)
 GET /en/dashboard 200 in 164ms (compile: 1849µs, generate-params: 14µs, render: 162ms)
 GET /en/dashboard 200 in 191ms (compile: 2ms, generate-params: 14µs, render: 189ms)
 GET /en/dashboard 200 in 186ms (compile: 5ms, generate-params: 15µs, render: 181ms)
 GET /en/dashboard 200 in 175ms (compile: 1278µs, generate-params: 12µs, render: 173ms)
 GET /en/dashboard 200 in 153ms (compile: 3ms, generate-params: 894µs, render: 150ms)
 GET /en/dashboard 200 in 159ms (compile: 5ms, generate-params: 15µs, render: 154ms)
 GET /en/dashboard 200 in 175ms (compile: 1559µs, generate-params: 14µs, render: 173ms)
 GET /en/dashboard 200 in 181ms (compile: 2ms, generate-params: 15µs, render: 179ms)
 GET /en/dashboard 200 in 187ms (compile: 1795µs, generate-params: 14µs, render: 185ms)
 GET /en/dashboard 200 in 196ms (compile: 1745µs, generate-params: 15µs, render: 194ms)
 GET /en/dashboard 200 in 166ms (compile: 2ms, generate-params: 14µs, render: 163ms)
 GET /en/dashboard 200 in 122ms (compile: 3ms, generate-params: 965µs, render: 119ms)
 GET /en/dashboard 200 in 93ms (compile: 3ms, generate-params: 12µs, render: 91ms)
 GET /en/dashboard 200 in 62ms (compile: 4ms, generate-params: 16µs, render: 59ms)
 GET /manifest.webmanifest 200 in 56ms (compile: 28ms, render: 28ms)
 GET /manifest.webmanifest 200 in 6ms (compile: 3ms, render: 3ms)
 GET /en/dashboard 200 in 211ms (compile: 78ms, generate-params: 1573µs, render: 133ms)
 GET /en/dashboard 200 in 87ms (compile: 1443µs, generate-params: 12µs, render: 86ms)
 GET /en/dashboard 200 in 81ms (compile: 1427µs, generate-params: 14µs, render: 80ms)
 GET /en/dashboard 200 in 117ms (compile: 3ms, generate-params: 10µs, render: 114ms)
 GET /en/dashboard 200 in 118ms (compile: 1453µs, generate-params: 11µs, render: 117ms)
 GET /en/dashboard 200 in 130ms (compile: 1588µs, generate-params: 12µs, render: 128ms)
 GET /en/dashboard 200 in 138ms (compile: 2ms, generate-params: 980µs, render: 135ms)
 GET /en/dashboard 200 in 138ms (compile: 1310µs, generate-params: 13µs, render: 137ms)
 GET /en/dashboard 200 in 138ms (compile: 1573µs, generate-params: 14µs, render: 137ms)
 GET /en/dashboard 200 in 137ms (compile: 1122µs, generate-params: 11µs, render: 136ms)
 GET /en/dashboard 200 in 141ms (compile: 1428µs, generate-params: 13µs, render: 140ms)
 GET /en/dashboard 200 in 137ms (compile: 1772µs, generate-params: 13µs, render: 135ms)
 GET /en/dashboard 200 in 110ms (compile: 1401µs, generate-params: 12µs, render: 109ms)
 GET /en/dashboard 200 in 86ms (compile: 3ms, generate-params: 14µs, render: 83ms)
 GET /en/dashboard 200 in 60ms (compile: 3ms, generate-params: 1001µs, render: 57ms)
 GET /en/dashboard 200 in 30ms (compile: 1505µs, generate-params: 12µs, render: 29ms)
 GET /manifest.webmanifest 200 in 6ms (compile: 3ms, render: 3ms)
 GET /manifest.webmanifest 200 in 3ms (compile: 1038µs, render: 2ms)
 GET /en/dashboard 200 in 986ms (compile: 135ms, generate-params: 33ms, render: 851ms)
 GET /en/dashboard 200 in 119ms (compile: 4ms, generate-params: 1183µs, render: 115ms)
 GET /manifest.webmanifest 200 in 15ms (compile: 6ms, render: 9ms)
 GET /en 200 in 340ms (compile: 191ms, generate-params: 1623µs, render: 149ms)
 GET /en 200 in 111ms (compile: 25ms, generate-params: 54µs, render: 86ms)
 GET /en/dashboard 200 in 115ms (compile: 2ms, generate-params: 947µs, render: 112ms)
 GET /en/dashboard 200 in 57ms (compile: 1665µs, generate-params: 13µs, render: 56ms)
 GET /manifest.webmanifest 200 in 6ms (compile: 1912µs, render: 4ms)
 GET /en 200 in 55ms (compile: 6ms, generate-params: 13µs, render: 49ms)
 GET /en 200 in 43ms (compile: 3ms, generate-params: 47µs, render: 40ms)
 GET /manifest.webmanifest 200 in 5ms (compile: 1926µs, render: 3ms)
 GET /manifest.webmanifest 200 in 9ms (compile: 5ms, render: 4ms)
 GET /en 200 in 85ms (compile: 6ms, generate-params: 3ms, render: 79ms)
 GET /en 200 in 59ms (compile: 2ms, generate-params: 11µs, render: 57ms)
 GET /manifest.webmanifest 200 in 5ms (compile: 2ms, render: 3ms)
 GET /en 200 in 122ms (compile: 16ms, generate-params: 4ms, render: 107ms)
 GET /en 200 in 47ms (compile: 2ms, generate-params: 22µs, render: 45ms)
 GET /manifest.webmanifest 200 in 8ms (compile: 4ms, render: 4ms)
 GET /en 200 in 842ms (compile: 263ms, generate-params: 87ms, render: 579ms)
 GET /en 200 in 284ms (compile: 15ms, generate-params: 64µs, render: 269ms)
 GET /manifest.webmanifest 200 in 19ms (compile: 9ms, render: 10ms)
 GET /en 200 in 198ms (compile: 11ms, generate-params: 1382µs, render: 187ms)
 GET /en 200 in 684ms (compile: 73ms, generate-params: 14ms, render: 610ms)
 GET /manifest.webmanifest 200 in 27ms (compile: 10ms, render: 17ms)
 GET /en 200 in 794ms (compile: 9ms, generate-params: 60µs, render: 785ms)
 GET /en 200 in 866ms (compile: 4ms, generate-params: 14µs, render: 861ms)
 GET /manifest.webmanifest 200 in 96ms (compile: 50ms, render: 45ms)
 GET /en 200 in 299ms (compile: 27ms, generate-params: 3ms, render: 272ms)
 GET /en 200 in 201ms (compile: 5ms, generate-params: 16µs, render: 197ms)
 GET /manifest.webmanifest 200 in 18ms (compile: 8ms, render: 10ms)
 GET /en 200 in 277ms (compile: 4ms, generate-params: 13µs, render: 273ms)
 GET /en 200 in 417ms (compile: 29ms, generate-params: 18ms, render: 388ms)
 GET /en 200 in 116ms (compile: 16ms, generate-params: 5ms, render: 100ms)
 GET /en 200 in 58ms (compile: 5ms, generate-params: 14µs, render: 54ms)
 GET /manifest.webmanifest 200 in 9ms (compile: 3ms, render: 5ms)
 GET /en 200 in 413ms (compile: 35ms, generate-params: 7ms, render: 379ms)
 GET /en 200 in 311ms (compile: 8ms, generate-params: 17µs, render: 304ms)
 GET /manifest.webmanifest 200 in 19ms (compile: 10ms, render: 9ms)
 GET /en 200 in 2.1s (compile: 782ms, generate-params: 182ms, render: 1268ms)
 GET /en 200 in 374ms (compile: 14ms, generate-params: 3ms, render: 360ms)
 GET /manifest.webmanifest 200 in 73ms (compile: 15ms, render: 58ms)
 GET /en 200 in 2.2s (compile: 383ms, generate-params: 121ms, render: 1770ms)
 GET /en 200 in 352ms (compile: 80ms, generate-params: 36ms, render: 272ms)
 GET /manifest.webmanifest 200 in 133ms (compile: 33ms, render: 100ms)
 GET /en 200 in 230ms (compile: 16ms, generate-params: 15µs, render: 215ms)
 GET /en 200 in 900ms (compile: 272ms, generate-params: 64ms, render: 628ms)
 GET /manifest.webmanifest 200 in 28ms (compile: 15ms, render: 13ms)
 GET /en 200 in 682ms (compile: 245ms, generate-params: 27ms, render: 437ms)
 GET /en 200 in 208ms (compile: 17ms, generate-params: 14µs, render: 191ms)
 GET /manifest.webmanifest 200 in 22ms (compile: 5ms, render: 17ms)
 GET /en 200 in 2.4s (compile: 483ms, generate-params: 102ms, render: 1870ms)
 GET /en 200 in 1550ms (compile: 40ms, generate-params: 368µs, render: 1510ms)
 GET /manifest.webmanifest 200 in 58ms (compile: 29ms, render: 29ms)
 GET /en 200 in 708ms (compile: 201ms, generate-params: 37ms, render: 506ms)
 GET /en 200 in 215ms (compile: 5ms, generate-params: 19µs, render: 211ms)
 GET /manifest.webmanifest 200 in 16ms (compile: 6ms, render: 10ms)
⚠ Found a change in next.config.ts. Restarting the server to apply the changes...
▲ Next.js 16.1.6 (Turbopack)
- Local:         http://localhost:3101
- Network:       http://192.168.0.139:3101
- Experiments (use with caution):
  · clientTraceMetadata

✓ Starting...
✓ Ready in 1690ms
✓ Compiled in 322ms
Persisting failed: Unable to write SST file 00001330.sst

Caused by:
    No such file or directory (os error 2)
Persisting failed: Another write batch or compaction is already active (Only a single write operations is allowed at a time)
Persisting failed: Another write batch or compaction is already active (Only a single write operations is allowed at a time)
Persisting failed: Another write batch or compaction is already active (Only a single write operations is allowed at a time)
Persisting failed: Another write batch or compaction is already active (Only a single write operations is allowed at a time)
Persisting failed: Another write batch or compaction is already active (Only a single write operations is allowed at a time)
Persisting failed: Another write batch or compaction is already active (Only a single write operations is allowed at a time)
